<?xml version="1.0" encoding="UTF-8"?>
<!-- Generated by org.testng.reporters.JUnitXMLReporter -->
<testsuite hostname="SSPL-LP-HP-0029" ignored="0" name="Default test" tests="3" failures="0" timestamp="2020-09-19T14:34:42 GMT+05:30" time="3.36" errors="0">
  <testcase name="GetDemoapi_Status_code_check" time="1.824" classname="demo.api.DemoGETAPI"/>
  <testcase name="GetDemoapi_Status_line_check" time="0.627" classname="demo.api.DemoGETAPI"/>
  <testcase name="GetDemoapi_header_check" time="0.876" classname="demo.api.DemoGETAPI"/>
</testsuite> <!-- Default test -->
